2020-11-30 18:51:37.125  INFO 21200 --- [restartedMain] cn.edu.VcblogApplication                 : Starting VcblogApplication on DESKTOP-7U04BFR with PID 21200 (D:\blog-master\target\classes started by Lenovo in D:\blog-master)
2020-11-30 18:51:37.129 DEBUG 21200 --- [restartedMain] cn.edu.VcblogApplication                 : Running with Spring Boot v2.2.3.RELEASE, Spring v5.2.3.RELEASE
2020-11-30 18:51:37.130  INFO 21200 --- [restartedMain] cn.edu.VcblogApplication                 : No active profile set, falling back to default profiles: default
2020-11-30 18:51:37.196  INFO 21200 --- [restartedMain] .e.DevToolsPropertyDefaultsPostProcessor : Devtools property defaults active! Set 'spring.devtools.add-properties' to 'false' to disable
2020-11-30 18:51:37.203  INFO 21200 --- [restartedMain] .e.DevToolsPropertyDefaultsPostProcessor : For additional web related logging consider setting the 'logging.level.web' property to 'DEBUG'
2020-11-30 18:51:38.720  INFO 21200 --- [restartedMain] .s.d.r.c.RepositoryConfigurationDelegate : Bootstrapping Spring Data JPA repositories in DEFAULT mode.
2020-11-30 18:51:38.739  INFO 21200 --- [restartedMain] .s.d.r.c.RepositoryConfigurationDelegate : Finished Spring Data repository scanning in 12ms. Found 0 JPA repository interfaces.
2020-11-30 18:51:39.079  INFO 21200 --- [restartedMain] trationDelegate$BeanPostProcessorChecker : Bean 'org.springframework.transaction.annotation.ProxyTransactionManagementConfiguration' of type [org.springframework.transaction.annotation.ProxyTransactionManagementConfiguration] is not eligible for getting processed by all BeanPostProcessors (for example: not eligible for auto-proxying)
2020-11-30 18:51:39.655  INFO 21200 --- [restartedMain] o.s.b.w.embedded.tomcat.TomcatWebServer  : Tomcat initialized with port(s): 8080 (http)
2020-11-30 18:51:39.664  INFO 21200 --- [restartedMain] o.apache.catalina.core.StandardService   : Starting service [Tomcat]
2020-11-30 18:51:39.665  INFO 21200 --- [restartedMain] org.apache.catalina.core.StandardEngine  : Starting Servlet engine: [Apache Tomcat/9.0.30]
2020-11-30 18:51:39.796  INFO 21200 --- [restartedMain] o.a.c.c.C.[Tomcat].[localhost].[/]       : Initializing Spring embedded WebApplicationContext
2020-11-30 18:51:39.797  INFO 21200 --- [restartedMain] o.s.web.context.ContextLoader            : Root WebApplicationContext: initialization completed in 2594 ms
2020-11-30 18:51:40.901  INFO 21200 --- [restartedMain] o.s.s.concurrent.ThreadPoolTaskExecutor  : Initializing ExecutorService 'applicationTaskExecutor'
2020-11-30 18:51:40.985  INFO 21200 --- [restartedMain] o.s.b.a.w.s.WelcomePageHandlerMapping    : Adding welcome page template: index
2020-11-30 18:51:41.823  INFO 21200 --- [restartedMain] o.s.b.d.a.OptionalLiveReloadServer       : LiveReload server is running on port 35729
2020-11-30 18:51:41.891  INFO 21200 --- [restartedMain] o.s.b.w.embedded.tomcat.TomcatWebServer  : Tomcat started on port(s): 8080 (http) with context path ''
2020-11-30 18:51:41.894  INFO 21200 --- [restartedMain] cn.edu.VcblogApplication                 : Started VcblogApplication in 5.653 seconds (JVM running for 7.976)
2020-11-30 18:51:53.302  INFO 21200 --- [http-nio-8080-exec-1] o.a.c.c.C.[Tomcat].[localhost].[/]       : Initializing Spring DispatcherServlet 'dispatcherServlet'
2020-11-30 18:51:53.302  INFO 21200 --- [http-nio-8080-exec-1] o.s.web.servlet.DispatcherServlet        : Initializing Servlet 'dispatcherServlet'
2020-11-30 18:51:53.310  INFO 21200 --- [http-nio-8080-exec-1] o.s.web.servlet.DispatcherServlet        : Completed initialization in 8 ms
2020-11-30 18:51:53.370  INFO 21200 --- [http-nio-8080-exec-1] cn.edu.aspect.LogAspect                  : Request : {url='/', ip='0:0:0:0:0:0:0:1', classMethod='cn.edu.controller.user.IndexController.index', args=[1, {}]}
2020-11-30 18:51:53.406  INFO 21200 --- [http-nio-8080-exec-1] com.zaxxer.hikari.HikariDataSource       : HikariPool-1 - Starting...
2020-11-30 18:51:53.645  INFO 21200 --- [http-nio-8080-exec-1] com.zaxxer.hikari.HikariDataSource       : HikariPool-1 - Start completed.
2020-11-30 18:51:53.720 DEBUG 21200 --- [http-nio-8080-exec-1] cn.edu.mapper.TypeMapper.getTopType      : ==>  Preparing: select t.*,b.id bid,b.title,count(t.id) tsize from t_blog b join t_type t on b.type_id=t.id where b.published=true group by(t.id) order by count(t.id) desc limit ? 
2020-11-30 18:51:53.740 DEBUG 21200 --- [http-nio-8080-exec-1] cn.edu.mapper.TypeMapper.getTopType      : ==> Parameters: 10(Integer)
2020-11-30 18:51:53.773 DEBUG 21200 --- [http-nio-8080-exec-1] cn.edu.mapper.TypeMapper.getTopType      : <==      Total: 2
2020-11-30 18:51:53.783 DEBUG 21200 --- [http-nio-8080-exec-1] cn.edu.mapper.TagMapper.getTopTag        : ==>  Preparing: select t.*,b.id bid,b.title from t_blog_tags bt join t_tag t on bt.tags_id=t.id join t_blog b on bt.blogs_id=b.id where b.published=true order by b.update_time desc limit ? 
2020-11-30 18:51:53.783 DEBUG 21200 --- [http-nio-8080-exec-1] cn.edu.mapper.TagMapper.getTopTag        : ==> Parameters: 10(Integer)
2020-11-30 18:51:53.795 DEBUG 21200 --- [http-nio-8080-exec-1] cn.edu.mapper.TagMapper.getTopTag        : <==      Total: 4
2020-11-30 18:51:53.799 DEBUG 21200 --- [http-nio-8080-exec-1] c.e.m.BlogMapper.getNewestRecommendBlog  : ==>  Preparing: select id,title from t_blog where published = true order by update_time desc limit ? 
2020-11-30 18:51:53.799 DEBUG 21200 --- [http-nio-8080-exec-1] c.e.m.BlogMapper.getNewestRecommendBlog  : ==> Parameters: 8(Integer)
2020-11-30 18:51:53.800 DEBUG 21200 --- [http-nio-8080-exec-1] c.e.m.BlogMapper.getNewestRecommendBlog  : <==      Total: 2
2020-11-30 18:51:53.837 DEBUG 21200 --- [http-nio-8080-exec-1] c.e.m.BlogMapper.getListIndexBlog_COUNT  : ==>  Preparing: SELECT count(0) FROM t_blog b LEFT JOIN t_blog_tags bt ON b.id = bt.blogs_id LEFT JOIN t_tag tag ON bt.tags_id = tag.id JOIN t_type t ON b.type_id = t.id JOIN t_user u ON b.user_id = u.id WHERE b.published = true 
2020-11-30 18:51:53.837 DEBUG 21200 --- [http-nio-8080-exec-1] c.e.m.BlogMapper.getListIndexBlog_COUNT  : ==> Parameters: 
2020-11-30 18:51:53.843 DEBUG 21200 --- [http-nio-8080-exec-1] c.e.m.BlogMapper.getListIndexBlog_COUNT  : <==      Total: 1
2020-11-30 18:51:53.844 DEBUG 21200 --- [http-nio-8080-exec-1] c.e.mapper.BlogMapper.getListIndexBlog   : ==>  Preparing: select b.id,b.title,b.description,b.first_picture, b.views,b.update_time,t.id typeId,t.name typeName,tag.id tid,tag.name tname ,u.id uid,u.nick_name,u.avatar from t_blog b left join t_blog_tags bt on b.id=bt.blogs_id left join t_tag tag on bt.tags_id=tag.id join t_type t on b.type_id=t.id join t_user u on b.user_id=u.id where b.published=true order by b.update_time desc LIMIT ? 
2020-11-30 18:51:53.845 DEBUG 21200 --- [http-nio-8080-exec-1] c.e.mapper.BlogMapper.getListIndexBlog   : ==> Parameters: 9(Integer)
2020-11-30 18:51:53.847 DEBUG 21200 --- [http-nio-8080-exec-1] c.e.mapper.BlogMapper.getListIndexBlog   : <==      Total: 4
2020-11-30 18:51:53.848 DEBUG 21200 --- [http-nio-8080-exec-1] cn.edu.mapper.BlogMapper.getBlogTotal    : ==>  Preparing: select count(id) from t_blog 
2020-11-30 18:51:53.848 DEBUG 21200 --- [http-nio-8080-exec-1] cn.edu.mapper.BlogMapper.getBlogTotal    : ==> Parameters: 
2020-11-30 18:51:53.849 DEBUG 21200 --- [http-nio-8080-exec-1] cn.edu.mapper.BlogMapper.getBlogTotal    : <==      Total: 1
2020-11-30 18:51:53.849  INFO 21200 --- [http-nio-8080-exec-1] cn.edu.aspect.LogAspect                  : Result : index
2020-11-30 18:51:54.624  INFO 21200 --- [http-nio-8080-exec-3] cn.edu.aspect.LogAspect                  : Request : {url='/footer/newblogs', ip='0:0:0:0:0:0:0:1', classMethod='cn.edu.controller.user.IndexController.newestBlogList', args=[{}]}
2020-11-30 18:51:54.625 DEBUG 21200 --- [http-nio-8080-exec-3] cn.edu.mapper.BlogMapper.getNewestBlog   : ==>  Preparing: select id,title from t_blog where published=true order by update_time desc limit ?; 
2020-11-30 18:51:54.626 DEBUG 21200 --- [http-nio-8080-exec-3] cn.edu.mapper.BlogMapper.getNewestBlog   : ==> Parameters: 3(Integer)
2020-11-30 18:51:54.627 DEBUG 21200 --- [http-nio-8080-exec-3] cn.edu.mapper.BlogMapper.getNewestBlog   : <==      Total: 2
2020-11-30 18:51:54.628  INFO 21200 --- [http-nio-8080-exec-3] cn.edu.aspect.LogAspect                  : Result : _fragments :: newestBlogList
2020-11-30 18:51:55.572  INFO 21200 --- [http-nio-8080-exec-2] cn.edu.aspect.LogAspect                  : Request : {url='/blog/59ca39c4-81f0-48d1-8584-1f5a5980eae0', ip='0:0:0:0:0:0:0:1', classMethod='cn.edu.controller.user.IndexController.blog', args=[59ca39c4-81f0-48d1-8584-1f5a5980eae0, {}]}
2020-11-30 18:51:55.574 DEBUG 21200 --- [http-nio-8080-exec-2] cn.edu.mapper.BlogMapper.getDetailBlog   : ==>  Preparing: select b.id,b.title,b.description,b.content,b.first_picture,b.flag, b.views,b.appreciation,b.share_statement,b.commentabled, b.update_time,type.id typeId,type.name typeName,tag.id tid,tag.name tname,u.id uid,u.nick_name,u.avatar from t_blog b left join t_blog_tags bt on b.id=bt.blogs_id left join t_tag tag on bt.tags_id=tag.id join t_type type on b.type_id=type.id join t_user u on b.user_id = u.id where b.published=true and b.id=? 
2020-11-30 18:51:55.575 DEBUG 21200 --- [http-nio-8080-exec-2] cn.edu.mapper.BlogMapper.getDetailBlog   : ==> Parameters: 59ca39c4-81f0-48d1-8584-1f5a5980eae0(String)
2020-11-30 18:51:55.579 DEBUG 21200 --- [http-nio-8080-exec-2] cn.edu.mapper.BlogMapper.getDetailBlog   : <==      Total: 3
2020-11-30 18:51:55.609 DEBUG 21200 --- [http-nio-8080-exec-2] cn.edu.mapper.BlogMapper.updateViews     : ==>  Preparing: update t_blog set views=views+1 where id=? 
2020-11-30 18:51:55.609 DEBUG 21200 --- [http-nio-8080-exec-2] cn.edu.mapper.BlogMapper.updateViews     : ==> Parameters: 59ca39c4-81f0-48d1-8584-1f5a5980eae0(String)
2020-11-30 18:51:55.611 DEBUG 21200 --- [http-nio-8080-exec-2] cn.edu.mapper.BlogMapper.updateViews     : <==    Updates: 1
2020-11-30 18:51:55.620  INFO 21200 --- [http-nio-8080-exec-2] cn.edu.aspect.LogAspect                  : Result : blog
2020-11-30 18:51:55.866  INFO 21200 --- [http-nio-8080-exec-1] cn.edu.aspect.LogAspect                  : Request : {url='/footer/newblogs', ip='0:0:0:0:0:0:0:1', classMethod='cn.edu.controller.user.IndexController.newestBlogList', args=[{}]}
2020-11-30 18:51:55.866 DEBUG 21200 --- [http-nio-8080-exec-1] cn.edu.mapper.BlogMapper.getNewestBlog   : ==>  Preparing: select id,title from t_blog where published=true order by update_time desc limit ?; 
2020-11-30 18:51:55.867 DEBUG 21200 --- [http-nio-8080-exec-1] cn.edu.mapper.BlogMapper.getNewestBlog   : ==> Parameters: 3(Integer)
2020-11-30 18:51:55.868 DEBUG 21200 --- [http-nio-8080-exec-1] cn.edu.mapper.BlogMapper.getNewestBlog   : <==      Total: 2
2020-11-30 18:51:55.869  INFO 21200 --- [http-nio-8080-exec-1] cn.edu.aspect.LogAspect                  : Result : _fragments :: newestBlogList
2020-11-30 18:51:55.982  INFO 21200 --- [http-nio-8080-exec-5] cn.edu.aspect.LogAspect                  : Request : {url='/comments/59ca39c4-81f0-48d1-8584-1f5a5980eae0', ip='0:0:0:0:0:0:0:1', classMethod='cn.edu.controller.user.CommentController.comments', args=[59ca39c4-81f0-48d1-8584-1f5a5980eae0, {}]}
2020-11-30 18:51:55.987 DEBUG 21200 --- [http-nio-8080-exec-5] c.edu.mapper.CommentMapper.findByBlogId  : ==>  Preparing: select id,avatar,content,isower,create_time,email,nick_name,blog_id,pid from t_comment where blog_id=? and pid=id order by create_time 
2020-11-30 18:51:55.987 DEBUG 21200 --- [http-nio-8080-exec-5] c.edu.mapper.CommentMapper.findByBlogId  : ==> Parameters: 59ca39c4-81f0-48d1-8584-1f5a5980eae0(String)
2020-11-30 18:51:55.996 DEBUG 21200 --- [http-nio-8080-exec-5] c.edu.mapper.CommentMapper.findByBlogId  : <==      Total: 8
2020-11-30 18:51:55.997 DEBUG 21200 --- [http-nio-8080-exec-5] cn.edu.mapper.CommentMapper.findByPid    : ==>  Preparing: select id,avatar,isower,content,create_time,email,nick_name,blog_id,pid from t_comment where id!=pid and pid=? 
2020-11-30 18:51:55.998 DEBUG 21200 --- [http-nio-8080-exec-5] cn.edu.mapper.CommentMapper.findByPid    : ==> Parameters: 1(Long)
2020-11-30 18:51:55.999 DEBUG 21200 --- [http-nio-8080-exec-5] cn.edu.mapper.CommentMapper.findByPid    : <==      Total: 0
2020-11-30 18:51:55.999 DEBUG 21200 --- [http-nio-8080-exec-5] cn.edu.mapper.CommentMapper.findByPid    : ==>  Preparing: select id,avatar,isower,content,create_time,email,nick_name,blog_id,pid from t_comment where id!=pid and pid=? 
2020-11-30 18:51:56.000 DEBUG 21200 --- [http-nio-8080-exec-5] cn.edu.mapper.CommentMapper.findByPid    : ==> Parameters: 2(Long)
2020-11-30 18:51:56.000 DEBUG 21200 --- [http-nio-8080-exec-5] cn.edu.mapper.CommentMapper.findByPid    : <==      Total: 0
2020-11-30 18:51:56.001 DEBUG 21200 --- [http-nio-8080-exec-5] cn.edu.mapper.CommentMapper.findByPid    : ==>  Preparing: select id,avatar,isower,content,create_time,email,nick_name,blog_id,pid from t_comment where id!=pid and pid=? 
2020-11-30 18:51:56.001 DEBUG 21200 --- [http-nio-8080-exec-5] cn.edu.mapper.CommentMapper.findByPid    : ==> Parameters: 3(Long)
2020-11-30 18:51:56.002 DEBUG 21200 --- [http-nio-8080-exec-5] cn.edu.mapper.CommentMapper.findByPid    : <==      Total: 0
2020-11-30 18:51:56.003 DEBUG 21200 --- [http-nio-8080-exec-5] cn.edu.mapper.CommentMapper.findByPid    : ==>  Preparing: select id,avatar,isower,content,create_time,email,nick_name,blog_id,pid from t_comment where id!=pid and pid=? 
2020-11-30 18:51:56.004 DEBUG 21200 --- [http-nio-8080-exec-5] cn.edu.mapper.CommentMapper.findByPid    : ==> Parameters: 4(Long)
2020-11-30 18:51:56.005 DEBUG 21200 --- [http-nio-8080-exec-5] cn.edu.mapper.CommentMapper.findByPid    : <==      Total: 1
2020-11-30 18:51:56.006 DEBUG 21200 --- [http-nio-8080-exec-5] cn.edu.mapper.CommentMapper.findByPid    : ==>  Preparing: select id,avatar,isower,content,create_time,email,nick_name,blog_id,pid from t_comment where id!=pid and pid=? 
2020-11-30 18:51:56.007 DEBUG 21200 --- [http-nio-8080-exec-5] cn.edu.mapper.CommentMapper.findByPid    : ==> Parameters: 9(Long)
2020-11-30 18:51:56.008 DEBUG 21200 --- [http-nio-8080-exec-5] cn.edu.mapper.CommentMapper.findByPid    : <==      Total: 0
2020-11-30 18:51:56.009 DEBUG 21200 --- [http-nio-8080-exec-5] cn.edu.mapper.CommentMapper.findByPid    : ==>  Preparing: select id,avatar,isower,content,create_time,email,nick_name,blog_id,pid from t_comment where id!=pid and pid=? 
2020-11-30 18:51:56.010 DEBUG 21200 --- [http-nio-8080-exec-5] cn.edu.mapper.CommentMapper.findByPid    : ==> Parameters: 5(Long)
2020-11-30 18:51:56.012 DEBUG 21200 --- [http-nio-8080-exec-5] cn.edu.mapper.CommentMapper.findByPid    : <==      Total: 1
2020-11-30 18:51:56.014 DEBUG 21200 --- [http-nio-8080-exec-5] cn.edu.mapper.CommentMapper.findByPid    : ==>  Preparing: select id,avatar,isower,content,create_time,email,nick_name,blog_id,pid from t_comment where id!=pid and pid=? 
2020-11-30 18:51:56.014 DEBUG 21200 --- [http-nio-8080-exec-5] cn.edu.mapper.CommentMapper.findByPid    : ==> Parameters: 7(Long)
2020-11-30 18:51:56.015 DEBUG 21200 --- [http-nio-8080-exec-5] cn.edu.mapper.CommentMapper.findByPid    : <==      Total: 1
2020-11-30 18:51:56.016 DEBUG 21200 --- [http-nio-8080-exec-5] cn.edu.mapper.CommentMapper.findByPid    : ==>  Preparing: select id,avatar,isower,content,create_time,email,nick_name,blog_id,pid from t_comment where id!=pid and pid=? 
2020-11-30 18:51:56.017 DEBUG 21200 --- [http-nio-8080-exec-5] cn.edu.mapper.CommentMapper.findByPid    : ==> Parameters: 8(Long)
2020-11-30 18:51:56.018 DEBUG 21200 --- [http-nio-8080-exec-5] cn.edu.mapper.CommentMapper.findByPid    : <==      Total: 0
2020-11-30 18:51:56.019 DEBUG 21200 --- [http-nio-8080-exec-5] cn.edu.mapper.CommentMapper.findByPid    : ==>  Preparing: select id,avatar,isower,content,create_time,email,nick_name,blog_id,pid from t_comment where id!=pid and pid=? 
2020-11-30 18:51:56.019 DEBUG 21200 --- [http-nio-8080-exec-5] cn.edu.mapper.CommentMapper.findByPid    : ==> Parameters: 6(Long)
2020-11-30 18:51:56.020 DEBUG 21200 --- [http-nio-8080-exec-5] cn.edu.mapper.CommentMapper.findByPid    : <==      Total: 0
2020-11-30 18:51:56.021 DEBUG 21200 --- [http-nio-8080-exec-5] cn.edu.mapper.CommentMapper.findByPid    : ==>  Preparing: select id,avatar,isower,content,create_time,email,nick_name,blog_id,pid from t_comment where id!=pid and pid=? 
2020-11-30 18:51:56.021 DEBUG 21200 --- [http-nio-8080-exec-5] cn.edu.mapper.CommentMapper.findByPid    : ==> Parameters: 10(Long)
2020-11-30 18:51:56.021 DEBUG 21200 --- [http-nio-8080-exec-5] cn.edu.mapper.CommentMapper.findByPid    : <==      Total: 0
2020-11-30 18:51:56.022 DEBUG 21200 --- [http-nio-8080-exec-5] cn.edu.mapper.CommentMapper.findByPid    : ==>  Preparing: select id,avatar,isower,content,create_time,email,nick_name,blog_id,pid from t_comment where id!=pid and pid=? 
2020-11-30 18:51:56.022 DEBUG 21200 --- [http-nio-8080-exec-5] cn.edu.mapper.CommentMapper.findByPid    : ==> Parameters: 11(Long)
2020-11-30 18:51:56.023 DEBUG 21200 --- [http-nio-8080-exec-5] cn.edu.mapper.CommentMapper.findByPid    : <==      Total: 0
2020-11-30 18:51:56.024  INFO 21200 --- [http-nio-8080-exec-5] cn.edu.aspect.LogAspect                  : Result : blog :: commentList
